yarn run v1.22.22
$ storybook build --output-dir=/tmp/chromatic--2138573-2g6wQ7tzp6TH
[1m@storybook/core v8.4.4
[22m
info => Cleaning outputDir: [36m../../../../../../../tmp/chromatic--2138573-2g6wQ7tzp6TH[39m
/home/andrefaria/Desktop/learning/ui-lib/packages/core/src/**/*.stories.tsx
info => Loading presets
info => Building manager..
info => Manager built ([38;2;181;126;229m100 ms[39m)
info => Building preview..
root /home/andrefaria/Desktop/learning/ui-lib/apps/packages
info Using tsconfig paths for react-docgen
[36mvite v5.4.11 [32mbuilding for production...[36m[39m
transforming...
[32m✓[39m 100 modules transformed.
rendering chunks...
computing gzip size...
[2m../../../../../../../tmp/chromatic--2138573-2g6wQ7tzp6TH/[22m[32miframe.html                               [39m[1m[2m 16.15 kB[22m[1m[22m[2m │ gzip:   4.43 kB[22m
[2m../../../../../../../tmp/chromatic--2138573-2g6wQ7tzp6TH/[22m[2massets/[22m[36mpreview-BLLzES9I.js                [39m[1m[2m  0.17 kB[22m[1m[22m[2m │ gzip:   0.16 kB[22m
[2m../../../../../../../tmp/chromatic--2138573-2g6wQ7tzp6TH/[22m[2massets/[22m[36mpreview-DFmD0pui.js                [39m[1m[2m  0.17 kB[22m[1m[22m[2m │ gzip:   0.15 kB[22m
[2m../../../../../../../tmp/chromatic--2138573-2g6wQ7tzp6TH/[22m[2massets/[22m[36mindex-BrnU7xv7.js                  [39m[1m[2m  0.42 kB[22m[1m[22m[2m │ gzip:   0.27 kB[22m
[2m../../../../../../../tmp/chromatic--2138573-2g6wQ7tzp6TH/[22m[2massets/[22m[36mpreview-BhhEZcNS.js                [39m[1m[2m  0.64 kB[22m[1m[22m[2m │ gzip:   0.45 kB[22m
[2m../../../../../../../tmp/chromatic--2138573-2g6wQ7tzp6TH/[22m[2massets/[22m[36mpreview-DGUiP6tS.js                [39m[1m[2m  0.71 kB[22m[1m[22m[2m │ gzip:   0.50 kB[22m
[2m../../../../../../../tmp/chromatic--2138573-2g6wQ7tzp6TH/[22m[2massets/[22m[36mchunk-XP5HYGXS-CzPF9ozp.js         [39m[1m[2m  0.72 kB[22m[1m[22m[2m │ gzip:   0.40 kB[22m
[2m../../../../../../../tmp/chromatic--2138573-2g6wQ7tzp6TH/[22m[2massets/[22m[36mindex-DrFu-skq.js                  [39m[1m[2m  0.77 kB[22m[1m[22m[2m │ gzip:   0.47 kB[22m
[2m../../../../../../../tmp/chromatic--2138573-2g6wQ7tzp6TH/[22m[2massets/[22m[36mreact-18-BWhC85Cb.js               [39m[1m[2m  0.80 kB[22m[1m[22m[2m │ gzip:   0.47 kB[22m
[2m../../../../../../../tmp/chromatic--2138573-2g6wQ7tzp6TH/[22m[2massets/[22m[36mpreview-CnYBnepm.js                [39m[1m[2m  0.83 kB[22m[1m[22m[2m │ gzip:   0.53 kB[22m
[2m../../../../../../../tmp/chromatic--2138573-2g6wQ7tzp6TH/[22m[2massets/[22m[36mjsx-runtime-CkxqCPlQ.js            [39m[1m[2m  0.92 kB[22m[1m[22m[2m │ gzip:   0.58 kB[22m
[2m../../../../../../../tmp/chromatic--2138573-2g6wQ7tzp6TH/[22m[2massets/[22m[36mButton.stories-CyWutjM8.js         [39m[1m[2m  1.06 kB[22m[1m[22m[2m │ gzip:   0.55 kB[22m
[2m../../../../../../../tmp/chromatic--2138573-2g6wQ7tzp6TH/[22m[2massets/[22m[36mindex-xd1YYGmn.js                  [39m[1m[2m  1.82 kB[22m[1m[22m[2m │ gzip:   0.92 kB[22m
[2m../../../../../../../tmp/chromatic--2138573-2g6wQ7tzp6TH/[22m[2massets/[22m[36mindex-D-8MO0q_.js                  [39m[1m[2m  2.58 kB[22m[1m[22m[2m │ gzip:   1.26 kB[22m
[2m../../../../../../../tmp/chromatic--2138573-2g6wQ7tzp6TH/[22m[2massets/[22m[36mpreview-aVwhiz9X.js                [39m[1m[2m  3.50 kB[22m[1m[22m[2m │ gzip:   1.69 kB[22m
[2m../../../../../../../tmp/chromatic--2138573-2g6wQ7tzp6TH/[22m[2massets/[22m[36miframe-D2xL2evz.js                 [39m[1m[2m  3.95 kB[22m[1m[22m[2m │ gzip:   1.71 kB[22m
[2m../../../../../../../tmp/chromatic--2138573-2g6wQ7tzp6TH/[22m[2massets/[22m[36mpreview-D77C14du.js                [39m[1m[2m  5.03 kB[22m[1m[22m[2m │ gzip:   1.86 kB[22m
[2m../../../../../../../tmp/chromatic--2138573-2g6wQ7tzp6TH/[22m[2massets/[22m[36mindex-DJO9vBfz.js                  [39m[1m[2m  6.96 kB[22m[1m[22m[2m │ gzip:   2.78 kB[22m
[2m../../../../../../../tmp/chromatic--2138573-2g6wQ7tzp6TH/[22m[2massets/[22m[36mpreview-BWzBA1C2.js                [39m[1m[2m  7.62 kB[22m[1m[22m[2m │ gzip:   1.56 kB[22m
[2m../../../../../../../tmp/chromatic--2138573-2g6wQ7tzp6TH/[22m[2massets/[22m[36mpreview-BBWR9nbA.js                [39m[1m[2m  8.12 kB[22m[1m[22m[2m │ gzip:   3.10 kB[22m
[2m../../../../../../../tmp/chromatic--2138573-2g6wQ7tzp6TH/[22m[2massets/[22m[36mColor-F6OSRLHC-Ckm6wZ4u.js         [39m[1m[2m 29.40 kB[22m[1m[22m[2m │ gzip:  11.07 kB[22m
[2m../../../../../../../tmp/chromatic--2138573-2g6wQ7tzp6TH/[22m[2massets/[22m[36mentry-preview-B3-zbs0T.js          [39m[1m[2m 40.83 kB[22m[1m[22m[2m │ gzip:  13.65 kB[22m
[2m../../../../../../../tmp/chromatic--2138573-2g6wQ7tzp6TH/[22m[2massets/[22m[36mindex-DSAa9q1k.js                  [39m[1m[2m 53.72 kB[22m[1m[22m[2m │ gzip:  15.55 kB[22m
[2m../../../../../../../tmp/chromatic--2138573-2g6wQ7tzp6TH/[22m[2massets/[22m[36mindex-DJdX7xnk.js                  [39m[1m[2m133.96 kB[22m[1m[22m[2m │ gzip:  43.14 kB[22m
[2m../../../../../../../tmp/chromatic--2138573-2g6wQ7tzp6TH/[22m[2massets/[22m[36mentry-preview-docs-6UYbISaM.js     [39m[1m[2m256.59 kB[22m[1m[22m[2m │ gzip:  77.31 kB[22m
[2m../../../../../../../tmp/chromatic--2138573-2g6wQ7tzp6TH/[22m[2massets/[22m[36mpreview-B6QKrq_V.js                [39m[1m[33m545.32 kB[39m[22m[2m │ gzip: 144.79 kB[22m
[2m../../../../../../../tmp/chromatic--2138573-2g6wQ7tzp6TH/[22m[2massets/[22m[36mDocsRenderer-CFRXHY34-BU6QmOuB.js  [39m[1m[33m884.03 kB[39m[22m[2m │ gzip: 277.01 kB[22m
[32m✓ built in 3.65s[39m
info => Preview built ([38;2;181;126;229m4.33 s[39m)
info => Output directory: /tmp/chromatic--2138573-2g6wQ7tzp6TH
Done in 6.00s.
